<?xml version="1.0" encoding="UTF-8"?>
<testng-results ignored="0" total="0" passed="0" failed="0" skipped="0">
  <reporter-output>
  </reporter-output>
  <suite started-at="2019-01-21T12:36:12Z" name="quickStart.selenium.FacebookAutomation.tests.BaseTest" finished-at="2019-01-21T12:36:12Z" duration-ms="0">
    <groups>
    </groups>
    <test started-at="2019-01-21T12:36:12Z" name="Command line test" finished-at="2019-01-21T12:36:12Z" duration-ms="0">
    </test> <!-- Command line test -->
  </suite> <!-- quickStart.selenium.FacebookAutomation.tests.BaseTest -->
</testng-results>
