<?xml version="1.0" encoding="UTF-8"?>
<testng-results ignored="0" total="1" passed="1" failed="0" skipped="0">
  <reporter-output>
  </reporter-output>
  <suite started-at="2019-01-21T13:32:04Z" name="Suite" finished-at="2019-01-21T13:32:19Z" duration-ms="15428">
    <groups>
    </groups>
    <test started-at="2019-01-21T13:32:04Z" name="Test" finished-at="2019-01-21T13:32:19Z" duration-ms="15428">
      <class name="quickStart.selenium.FacebookAutomation.tests.CheckFbLoginPage">
        <test-method is-config="true" signature="setup()[pri:0, instance:quickStart.selenium.FacebookAutomation.tests.CheckFbLoginPage@762ef0ea]" started-at="2019-01-21T19:02:04Z" name="setup" finished-at="2019-01-21T19:02:08Z" duration-ms="4292" status="PASS">
          <reporter-output>
          </reporter-output>
        </test-method> <!-- setup -->
        <test-method signature="checkWithInvalidCredentials()[pri:0, instance:quickStart.selenium.FacebookAutomation.tests.CheckFbLoginPage@762ef0ea]" started-at="2019-01-21T19:02:08Z" name="checkWithInvalidCredentials" finished-at="2019-01-21T19:02:19Z" duration-ms="11118" status="PASS">
          <reporter-output>
          </reporter-output>
        </test-method> <!-- checkWithInvalidCredentials -->
        <test-method is-config="true" signature="teardown()[pri:0, instance:quickStart.selenium.FacebookAutomation.tests.CheckFbLoginPage@762ef0ea]" started-at="2019-01-21T19:02:19Z" name="teardown" finished-at="2019-01-21T19:02:19Z" duration-ms="0" status="PASS">
          <reporter-output>
          </reporter-output>
        </test-method> <!-- teardown -->
      </class> <!-- quickStart.selenium.FacebookAutomation.tests.CheckFbLoginPage -->
    </test> <!-- Test -->
  </suite> <!-- Suite -->
</testng-results>
